start
Took 9.569 seconds for suffixarrayconstruction
start
Took 11.747 seconds for suffixarrayconstruction
start
Took 11.677 seconds for suffixarrayconstruction
Traceback (most recent call last):
  File "/home/mi/transat/ImplementingSearch/src/suffixarraysearch.py", line 48, in <module>
    f.write("start: ", time_start)
TypeError: TextIOWrapper.write() takes exactly one argument (2 given)
start
Took 11.952 seconds for suffixarrayconstruction
start
Took 11.355 seconds for suffixarrayconstruction
Traceback (most recent call last):
  File "/home/mi/transat/ImplementingSearch/src/suffixarraysearch.py", line 48, in <module>
    time_end0=time.perf.counter()
              ^^^^^^^^^
AttributeError: module 'time' has no attribute 'perf'
start
Took 11.666 seconds for suffixarrayconstruction
Traceback (most recent call last):
  File "/home/mi/transat/ImplementingSearch/src/suffixarraysearch.py", line 48, in <module>
    time_end0=time.perf.counter()
              ^^^^^^^^^
AttributeError: module 'time' has no attribute 'perf'
start
Took 11.976 seconds for suffixarrayconstruction
Traceback (most recent call last):
  File "/home/mi/transat/ImplementingSearch/src/suffixarraysearch.py", line 48, in <module>
    time_end0=time.perf.counter()
              ^^^^^^^^^
AttributeError: module 'time' has no attribute 'perf'
start
Took 12.303 seconds for suffixarrayconstruction
Traceback (most recent call last):
  File "/home/mi/transat/ImplementingSearch/src/suffixarraysearch.py", line 48, in <module>
    time_end0=time.perf.counter()
              ^^^^^^^^^
AttributeError: module 'time' has no attribute 'perf'
start
Took 11.653 seconds for suffixarrayconstruction
Traceback (most recent call last):
  File "/home/mi/transat/ImplementingSearch/src/suffixarraysearch.py", line 48, in <module>
    time_end0=time.perf.counter()
              ^^^^^^^^^
AttributeError: module 'time' has no attribute 'perf'
start
Took 11.614 seconds for suffixarrayconstruction
Traceback (most recent call last):
  File "/home/mi/transat/ImplementingSearch/src/suffixarraysearch.py", line 48, in <module>
    time_end0=time.perf.counter()
              ^^^^^^^^^
AttributeError: module 'time' has no attribute 'perf'
start
Took 11.767 seconds for suffixarrayconstruction
Traceback (most recent call last):
  File "/home/mi/transat/ImplementingSearch/src/suffixarraysearch.py", line 48, in <module>
    time_end0=time.perf.counter()
              ^^^^^^^^^
AttributeError: module 'time' has no attribute 'perf'
start
Took 11.613 seconds for suffixarrayconstruction
Traceback (most recent call last):
  File "/home/mi/transat/ImplementingSearch/src/suffixarraysearch.py", line 48, in <module>
    time_end0=time.perf.counter()
              ^^^^^^^^^
AttributeError: module 'time' has no attribute 'perf'
start
Took 11.937 seconds for suffixarrayconstruction
Took 696.468 seconds for 1,000 queries of length 100
Took 6406.154 seconds for 10,000 queries of length 100
Traceback (most recent call last):
  File "/home/mi/transat/ImplementingSearch/src/naivesearch4.py", line 5, in <module>
    import iv2py as iv
ModuleNotFoundError: No module named 'iv2py'
start
Took 14.490 seconds for suffixarrayconstruction
Took 856.052 seconds for 1,000 queries of length 100
Took 7462.263 seconds for 10,000 queries of length 100
Traceback (most recent call last):
  File "/home/mi/transat/ImplementingSearch/src/suffixarraysearch_memory_th.py", line 4, in <module>
    import iv2py as iv
ModuleNotFoundError: No module named 'iv2py'
Traceback (most recent call last):
  File "/home/mi/transat/ImplementingSearch/src/suffixarraysearch_memory_tenth.py", line 4, in <module>
    import iv2py as iv
ModuleNotFoundError: No module named 'iv2py'
Traceback (most recent call last):
  File "/home/mi/transat/ImplementingSearch/src/suffixarraysearch_memory_hundretth.py", line 4, in <module>
    import iv2py as iv
ModuleNotFoundError: No module named 'iv2py'
Traceback (most recent call last):
  File "/home/mi/transat/ImplementingSearch/src/suffixarraysearch_memory_mill.py", line 4, in <module>
    import iv2py as iv
ModuleNotFoundError: No module named 'iv2py'
start
Took 12.214 seconds for suffixarrayconstruction
Took 890.856 seconds for 1,000 queries of length 100
Took 7796.170 seconds for 10,000 queries of length 100
start
Took 16.832 seconds for suffixarrayconstruction
Took 905.943 seconds for 1,000 queries of length 100
Took 7921.905 seconds for 10,000 queries of length 100
start
Took 13.933 seconds for suffixarrayconstruction
Took 897.651 seconds for 1,000 queries of length 100
Took 7737.251 seconds for 10,000 queries of length 100
start
Took 13.352 seconds for suffixarrayconstruction
Took 910.039 seconds for 1,000 queries of length 100
Took 7727.459 seconds for 10,000 queries of length 100
Traceback (most recent call last):
  File "/home/mi/transat/ImplementingSearch/src/suffixarraysearch_memory_th.py", line 4, in <module>
    import iv2py as iv
ModuleNotFoundError: No module named 'iv2py'
Traceback (most recent call last):
  File "/home/mi/transat/ImplementingSearch/src/suffixarraysearch_memory_th.py", line 4, in <module>
    import iv2py as iv
ModuleNotFoundError: No module named 'iv2py'
start
Took 14.914 seconds for suffixarrayconstruction
Took 833.705 seconds for 1,000 queries of length 100
start
Took 13.678 seconds for suffixarrayconstruction
Took 831.593 seconds for 1,000 queries of length 100
Took 7052.171 seconds for 10,000 queries of length 100
